<?xml version="1.0" encoding="UTF-8" ?>
<testsuite tests="5" failures="0" name="DoorTest" time="0.111" errors="0" skipped="0">
  <properties>
[...]
</properties>
  <testcase classname="DoorTest" name="testKnock" time="0.11"/>
  <testcase classname="DoorTest" name="hasMethod" time="0.001"/>
  <testcase classname="DoorTest" name="classIsPublic" time="0"/>
  <testcase classname="DoorTest" name="noUnneseccaryVariables" time="0"/>
  <testcase classname="DoorTest" name="testKnock2" time="0"/>
</testsuite>